<?xml version="1.0" encoding="UTF-8"?>
<!-- Generated by org.testng.reporters.JUnitReportReporter -->
<testsuite hostname="ZCHD-CQR-AKSHIT-SAHORE" failures="0" tests="4" name="Sample_test.demo" time="144.979" errors="0" timestamp="01 Jun 2022 17:15:48 GMT" skipped="0">
  <testcase classname="Sample_test.demo" name="Download_jpeg" time="48.906"/>
  <testcase classname="Sample_test.demo" name="cpc_analysis_view_enquiry" time="27.417"/>
  <testcase classname="Sample_test.demo" name="cpc_analysis_enquiry" time="55.459"/>
  <testcase classname="Sample_test.demo" name="loginTest" time="13.197"/>
</testsuite> <!-- Sample_test.demo -->
